<?xml version="1.0" encoding="UTF-8"?>
<!-- Generated by org.testng.reporters.JUnitXMLReporter -->
<testsuite ignored="0" hostname="sanket" failures="0" tests="4" name="Test" time="12.495" errors="0" timestamp="2024-08-09T13:46:05 IST">
  <testcase classname="testclasses.CheckLanguage" name="checkLanguageChangeToEnglish" time="0.124"/>
  <testcase classname="testclasses.CheckLanguage" name="checkLanguageChangeToHindi" time="1.071"/>
  <testcase classname="testclasses.SignIn" name="checkErrorMessageWhenSendInvalidCredential" time="0.0">
    <skipped/>
  </testcase> <!-- checkErrorMessageWhenSendInvalidCredential -->
  <testcase classname="testclasses.SignIn" name="clickAccountAndCheckSignUpPageUrl" time="2.828"/>
</testsuite> <!-- Test -->
